current directory: /home/manoj/.chefdk/gem/ruby/2.3.0/gems/ffi-1.9.17/ext/ffi_c
/opt/chefdk/embedded/bin/ruby -r ./siteconf20170117-8999-5c322e.rb extconf.rb
checking for ffi.h... yes
checking for ffi_call() in -lffi... yes
checking for ffi_prep_closure()... yes
checking for ffi_raw_call()... yes
checking for ffi_prep_raw_closure()... yes
checking for rb_thread_blocking_region()... no
checking for rb_thread_call_with_gvl()... yes
checking for rb_thread_call_without_gvl()... yes
checking for ffi_prep_cif_var()... yes
creating extconf.h
creating Makefile

To see why this extension failed to compile, please check the mkmf.log which can be found here:

  /home/manoj/.chefdk/gem/ruby/2.3.0/extensions/x86_64-linux/2.3.0/ffi-1.9.17/mkmf.log

current directory: /home/manoj/.chefdk/gem/ruby/2.3.0/gems/ffi-1.9.17/ext/ffi_c
make "DESTDIR=" clean
sh: 1: make: not found

current directory: /home/manoj/.chefdk/gem/ruby/2.3.0/gems/ffi-1.9.17/ext/ffi_c
make "DESTDIR="
sh: 1: make: not found

make failed, exit code 127
