Generated at 2017-03-09 18:32:40 +0530
Chef::Exceptions::CannotWritePrivateKey: I can't write your private key to /etc/chef/client.pem - check permissions?
/opt/chefdk/embedded/lib/ruby/gems/2.3.0/gems/chef-12.17.44/lib/chef/api_client/registration.rb:74:in `assert_destination_writable!'
/opt/chefdk/embedded/lib/ruby/gems/2.3.0/gems/chef-12.17.44/lib/chef/api_client/registration.rb:54:in `run'
/opt/chefdk/embedded/lib/ruby/gems/2.3.0/gems/chef-12.17.44/lib/chef/client.rb:621:in `register'
/opt/chefdk/embedded/lib/ruby/gems/2.3.0/gems/chef-12.17.44/lib/chef/client.rb:267:in `run'
/opt/chefdk/embedded/lib/ruby/gems/2.3.0/gems/chef-12.17.44/lib/chef/application.rb:294:in `block in fork_chef_client'
/opt/chefdk/embedded/lib/ruby/gems/2.3.0/gems/chef-12.17.44/lib/chef/application.rb:282:in `fork'
/opt/chefdk/embedded/lib/ruby/gems/2.3.0/gems/chef-12.17.44/lib/chef/application.rb:282:in `fork_chef_client'
/opt/chefdk/embedded/lib/ruby/gems/2.3.0/gems/chef-12.17.44/lib/chef/application.rb:247:in `block in run_chef_client'
/opt/chefdk/embedded/lib/ruby/gems/2.3.0/gems/chef-12.17.44/lib/chef/local_mode.rb:44:in `with_server_connectivity'
/opt/chefdk/embedded/lib/ruby/gems/2.3.0/gems/chef-12.17.44/lib/chef/application.rb:235:in `run_chef_client'
/opt/chefdk/embedded/lib/ruby/gems/2.3.0/gems/chef-12.17.44/lib/chef/application/client.rb:464:in `sleep_then_run_chef_client'
/opt/chefdk/embedded/lib/ruby/gems/2.3.0/gems/chef-12.17.44/lib/chef/application/client.rb:451:in `block in interval_run_chef_client'
/opt/chefdk/embedded/lib/ruby/gems/2.3.0/gems/chef-12.17.44/lib/chef/application/client.rb:450:in `loop'
/opt/chefdk/embedded/lib/ruby/gems/2.3.0/gems/chef-12.17.44/lib/chef/application/client.rb:450:in `interval_run_chef_client'
/opt/chefdk/embedded/lib/ruby/gems/2.3.0/gems/chef-12.17.44/lib/chef/application/client.rb:434:in `run_application'
/opt/chefdk/embedded/lib/ruby/gems/2.3.0/gems/chef-12.17.44/lib/chef/application.rb:59:in `run'
/opt/chefdk/embedded/lib/ruby/gems/2.3.0/gems/chef-12.17.44/bin/chef-client:26:in `<top (required)>'
/opt/chefdk/bin/chef-client:58:in `load'
/opt/chefdk/bin/chef-client:58:in `<main>'